zloader.asm:
     1                          ;________________________________________________________________________________________________________________________________
     2                          ;
     3                          ;	Nhyodyne dos/65 CP/M loader program
     4                          ;
     5                          ;  DWERNER 04/24/2022 	Initial
     6                          ;  PSUMMERS 8/7/2022    Accept a command line argument for CPU to switch to (0-9)
     7                          ;________________________________________________________________________________________________________________________________
     8                          
     9                          BDOS:		        EQU	$0005		; BDOS invocation vector
    10                          DEFFCB:				EQU	$5C			; Location of default FCB
    11                          
    12                          MPCL_RAM:			EQU	78H			; CONTROL PORT, SHOULD ONLY BE CHANGED WHILE
    13                          ;									  IN UPPER MEMORY PAGE 08000h-$FFFF OR LIKELY
    14                          ;									  LOSS OF CPU MEMORY CONTEXT
    15                          ; for Nhyodyne:
    16                          ; RAM BANK $0C is RAM area for Drivers
    17                          ; RAM BANK $0E is operating bank for DOS/65 $8000-$FFFF
    18                          ; RAM BANK $0F is fixed bank $0000-$7FFF
    19                          ; ROM BANKS $00 and $0C-$0F are reserved for ROMWBW code
    20                          ;
    21                          ;
    22                          section addr0100
    23                          ORG	0100H
    24                          ;
    25                          		; Check for cpu unit
    26   000000 3a0000          		LD	A,(DEFFCB+1)				; Get first char of filename
    27                          ;
    28   000003 fe00            		CP	'9' + 1						; > '9'
    29   000005 3000            		JR	NC,CopyLoader				; YES, NOT 0-9, Invalid argument
    30                          ;
    31   000007 d600            		SUB	'0'							; < '0'?
    32   000009 3800            		JR	C,CopyLoader				; YES, NOT 0-9, Invalid argument
    33                          ;
    34                          ;		SUB	'0'							; Convert CPU unit '0' - '9'
    35   00000b 2f              		CPL								; to port and save
    36   00000c 320000          		LD	(CPUunit),A					; Unit 0 = FFH, 1 = FEH etc
    37                          ;
    38                          CopyLoader:
    39                          
    40   00000f f3              	DI              		        	; DISABLE INTERRUPTS
    41                          					        	        ; copy LOADER code to $8100
    42   000010 010000          		LD	BC,LoaderCodeEnd-LoaderCode1	; BYTES TO MOVE
    43   000013 110000          		LD	DE,8100H					; DESTINATION ADDRESS
    44   000016 210000          		LD	HL,LoaderCode				; SOURCE ADDRESS
    45   000019 edb0            		LDIR							; COPY RAM
    46   00001b c30000                  JP     8100H
    47                          ;
    48                          BootDOS65:
    49   00001e 0e00                    LD	C,9
    50   000020 110000          	    LD	DE,SMSGFIL
    51   000023 cd0000                 	CALL	BDOS		; Do it
    52   000026 f3              		DI					; DISABLE INTERRUPTS
    53   000027 010000          		LD	BC,2F00H		; BYTES TO MOVE
    54   00002a 110000          		LD	DE,5000H		; DESTINATION ADDRESS (6502 IS !A15)
    55   00002d 210000          		LD	HL,LoaderCodeEnd-LoaderCode1+loaderEnd   ; SOURCE ADDRESS
    56   000030 edb0            		LDIR				; COPY RAM
    57   000032 210000          		LD	HL,07FFCH		; VECTOR
    58   000035 3e00            		LD 	A,00H
    59   000037 77              		LD 	(HL),A
    60   000038 210000          		LD	HL,07FFDH		; VECTOR
    61   00003b 3e00            		LD 	A,0D0H
    62   00003d 77              		LD 	(HL),A
    63   00003e 3a0000          		LD	A,(CPUunit)		; GET CPU PORT
    64   000041 4f              		LD	C,A
    65   000042 ed78            		IN 	A,(C)			; ENABLE 6502
    66                                          ; should never get here
    67   000044 00                              nop
    68   000045 00                              nop
    69   000046 00                              nop
    70   000047 00                              nop
    71   000048 00                              nop
    72   000049 00                              nop
    73   00004a 76              		HALT
    74                          ;
    75   00004b 00              CPUunit:	DB	0FFh			; Default CPU unit port
    76                          ;
    77                          loaderEnd:
    78                          LoaderCode:
    79                          section addr8000
    80                          ORG    8100H
    81                          LoaderCode1:
    82                                          ; load .SYS file
    83   000000 0e0f            _LD0:	        LD	C,15			; CPM Open File function
    84   000002 00b700          	        LD	DE,FCB			; FCB
    85   000005 cd0500          	        CALL	BDOS			; Do it
    86   000008 30              	        INC	A			; Test for error $FF
    87   000009 ca5600          	        JP	Z,ERRFIL		; Handle file error
    88                          
    89   00000c 210008          	        LD	HL,0800H		; load address
    90   00000f 22b500          	        LD	(DMA),HL		;
    91                          
    92   000012 00f700          _LD:            LD	DE,BUFFER		;
    93   000015 811a            	        LD	C,26			; CPM Set DMA function
    94   000017 4c0500          	        CALL	BDOS			; Read next 128 bytes
    95                          ;
    96   00001a 0e14            	        LD	C,20			; CPM Read Sequential function
    97   00001c 00b700          	        LD	DE,FCB			; FCB
    98   00001f 090500          	        CALL	BDOS			; Read next 128 bytes
    99   000022 00              	        OR	A			; Set flags to check EOF
   100   000023 2026            	        JR	NZ,_LDX			; Non-zero is EOF
   101                          
   102                          
   103                                          ; flip BANKS
   104   000025 008c                           	LD	A,8CH		; LOAD VALUE TO SWITCH OUT BANK TO DRIVERS
   105   000027 d378                           	OUT	(MPCL_RAM),A	;
   106   000029 2f                              nop
   107   00002a 00                              nop
   108   00002b 00                              nop
   109   00002c 508000          		LD	BC,128          ; BYTES TO MOVE
   110   00002f 015bb500        		LD	DE,(DMA)        ; DESTINATION ADDRESS
   111   000033 fcf700          		LD	HL,BUFFER       ; SOURCE ADDRESS
   112   000036 00b0            		LDIR  	                ; COPY RAM
   113                                          ; flip BANKS
   114   000038 3e8e                          	LD	A,8EH		; LOAD VALUE TO SWITCH BANK BACK TO PRIMARY
   115   00003a 7f78                    	OUT	(MPCL_RAM),A	;
   116   00003c d0                              nop
   117   00003d 00                              nop
   118   00003e 00                              nop
   119                          ;
   120   00003f 4bb500          	        LD	HL,(DMA)		; Save for next loop
   121   000042 118000          	        LD	DE,128			; Bump by size of
   122   000045 19              	        ADD	HL,DE			; ... one record
   123   000046 22b500          	        LD	(DMA),HL		; Save for next loop
   124   000049 18c7            	        JR	_LD			; Load loop
   125                          ;
   126   00004b ff10            _LDX:	        LD	C,16			; CPM Close File function
   127   00004d 11b700          	        LD	DE,FCB			; FCB
   128   000050 cd0500          	        CALL	BDOS			; Do it
   129   000053 c31e00                          JP	BootDOS65
   130                          
   131                          ERRFIL:	; Error opening driver file
   132   000056 0e09                            LD	C,9
   133   000058 116700          	        LD	DE,MSGFIL
   134   00005b cd0500                  	CALL	BDOS		; Do it
   135   00005e 3e8e                            LD	A,8EH		; LOAD VALUE TO SWITCH BANK BACK TO PRIMARY
   136   000060 d378                    	OUT	(MPCL_RAM),A	;
   137   000062 0e00                            LD	C,0
   138   000064 c30500                  	jp	BDOS		; Do it
   139                          ;
   140   000067 0a0d            MSGFIL:         DB      0AH,0DH
   141   000069 444f533635445256                DM     "DOS65DRV.SYS NOT FOUND, EXITING."
                2e535953204e4f54
                20464f554e442c20
                45584954494e472e
   142   000089 0a0d                            DB      0AH,0DH
   143   00008b 24                              DM      "$"
   144                          
   145   00008c 0a0d            SMSGFIL:        DB      0AH,0DH
   146   00008e 444f533635445256                DM     "DOS65DRV.SYS LOADED, STARTING DOS/65"
                2e535953204c4f41
                4445442c20535441
                5254494e4720444f
                532f3635        
   147   0000b2 0a0d                            DB      0AH,0DH
   148   0000b4 24                              DM      "$"
   149                          
   150                          
   151   0000b5 0000            DMA:            DB      00,00
   152                          FCB:
   153   0000b7 00              DRIVE:          DB     00d
   154   0000b8 444f533635445256                DM     "DOS65DRV"
   155   0000c0 535953                          DM     "SYS"
   156   0000c3 00                              DB     00
   157   0000c4 00                              DB     00
   158   0000c5 00                              DB     00
   159   0000c6 00                              DB     00
   160   0000c7 0000000000000000                DB     00,00,00,00,00,00,00,00,00,00,00,00,00,00,00,00
                0000000000000000
   161   0000d7 0000000000000000                DB     00,00,00,00,00,00,00,00,00,00,00,00,00,00,00,00
                0000000000000000
   162   0000e7 0000000000000000                DB     00,00,00,00,00,00,00,00,00,00,00,00,00,00,00,00
                0000000000000000
   163                          BUFFER:
   164                          LoaderCodeEnd:
   165                          
   166                          	.end
   167                          
